Build started 8/9/2017 3:48:44 PM.
     1>Project "c:\Users\Student\documents\visual studio 2012\Projects\Nested loop\Nested loop\Nested loop.vcxproj" on node 2 (Build target(s)).
     1>ClCompile:
         C:\Program Files\Microsoft Visual Studio 11.0\VC\bin\CL.exe /c /ZI /nologo /W3 /WX- /Od /Oy- /D _MBCS /Gm /EHsc /RTC1 /MDd /GS /fp:precise /Zc:wchar_t /Zc:forScope /Fo"Debug\\" /Fd"Debug\vc110.pdb" /Gd /TP /analyze- /errorReport:prompt Source.cpp
         Source.cpp
     1>c:\users\student\documents\visual studio 2012\projects\nested loop\nested loop\source.cpp(11): error C2001: newline in constant
     1>c:\users\student\documents\visual studio 2012\projects\nested loop\nested loop\source.cpp(12): error C2143: syntax error : missing ';' before '}'
     1>Done Building Project "c:\Users\Student\documents\visual studio 2012\Projects\Nested loop\Nested loop\Nested loop.vcxproj" (Build target(s)) -- FAILED.

Build FAILED.

Time Elapsed 00:00:01.47
